[0m00:21:34.669892 [debug] [MainThread]: Sending event: {'category': 'dbt', 'action': 'invocation', 'label': 'start', 'context': [<snowplow_tracker.self_describing_json.SelfDescribingJson object at 0x000001ED8B9912E0>, <snowplow_tracker.self_describing_json.SelfDescribingJson object at 0x000001ED8B8457C0>, <snowplow_tracker.self_describing_json.SelfDescribingJson object at 0x000001ED8AC6E660>]}


============================== 00:21:34.675378 | de8e73d9-801a-48ac-8462-f9373b2e55af ==============================
[0m00:21:34.675378 [info ] [MainThread]: Running with dbt=1.11.3
[0m00:21:34.675378 [debug] [MainThread]: running dbt with arguments {'version_check': 'True', 'no_print': 'None', 'static_parser': 'True', 'target_path': 'None', 'warn_error_options': 'WarnErrorOptionsV2(error=[], warn=[], silence=[])', 'printer_width': '80', 'write_json': 'True', 'empty': 'None', 'log_cache_events': 'False', 'introspect': 'True', 'cache_selected_only': 'False', 'log_format': 'default', 'debug': 'False', 'fail_fast': 'False', 'profiles_dir': 'C:\\Users\\Kevin\\.dbt', 'send_anonymous_usage_stats': 'True', 'quiet': 'False', 'warn_error': 'None', 'partial_parse': 'True', 'invocation_command': 'dbt init', 'indirect_selection': 'eager', 'use_colors': 'True', 'use_experimental_parser': 'False', 'log_path': 'logs'}
[0m00:22:01.151291 [debug] [MainThread]: Starter project path: C:\Users\Kevin\Desktop\Learnings\Data Engineering\Project\Netflix-dbt-snowflake-project\.venv\Lib\site-packages\dbt\include\starter_project
[0m00:22:01.190912 [info ] [MainThread]: 
Your new dbt project "netflix_snowflake_dbt" was created!

For more information on how to configure the profiles.yml file,
please consult the dbt documentation here:

  https://docs.getdbt.com/docs/configure-your-profile

One more thing:

Need help? Don't hesitate to reach out to us via GitHub issues or on Slack:

  https://community.getdbt.com/

Happy modeling!

[0m00:22:01.190912 [info ] [MainThread]: Setting up your profile.
[0m00:22:12.407419 [debug] [MainThread]: Snowflake adapter: Setting snowflake.connector to ERROR (file logging only)
[0m00:22:12.408419 [debug] [MainThread]: Snowflake adapter: Setting botocore to ERROR (file logging only)
[0m00:22:12.408419 [debug] [MainThread]: Snowflake adapter: Setting boto3 to ERROR (file logging only)
[0m00:26:04.717956 [info ] [MainThread]: Profile netflix_snowflake_dbt written to C:\Users\Kevin\.dbt\profiles.yml using target's profile_template.yml and your supplied values. Run 'dbt debug' to validate the connection.
[0m00:26:04.719997 [debug] [MainThread]: Command `dbt init` succeeded at 00:26:04.719997 after 270.19 seconds
[0m00:26:04.721050 [debug] [MainThread]: Sending event: {'category': 'dbt', 'action': 'invocation', 'label': 'end', 'context': [<snowplow_tracker.self_describing_json.SelfDescribingJson object at 0x000001ED8BC51F70>, <snowplow_tracker.self_describing_json.SelfDescribingJson object at 0x000001ED8D863E60>, <snowplow_tracker.self_describing_json.SelfDescribingJson object at 0x000001ED8D863E30>]}
[0m00:26:04.721050 [debug] [MainThread]: Flushing usage events
[0m00:26:06.335529 [debug] [MainThread]: An error was encountered while trying to flush usage events
